<?xml version="1.0" encoding="UTF-8"?>
<!-- Generated by org.testng.reporters.JUnitXMLReporter -->
<testsuite ignored="0" hostname="DESKTOP-9KR5CRQ" failures="0" tests="3" name="Test" time="112.008" errors="0" timestamp="13 May 2021 11:33:40 GMT">
  <testcase classname="testcases.TS_FindHospitals" name="hospitalSearch" time="87.191"/>
  <testcase classname="testcases.TS_FindHospitals" name="topCities" time="5.413"/>
  <testcase classname="testcases.TS_FindHospitals" name="getAlert" time="14.979"/>
</testsuite> <!-- Test -->
