<?xml version="1.0" encoding="UTF-8"?>
<testng-results ignored="0" total="3" passed="3" failed="0" skipped="0">
  <reporter-output>
  </reporter-output>
  <suite started-at="2021-05-13T11:31:48Z" name="Suite" finished-at="2021-05-13T11:33:40Z" duration-ms="112008">
    <groups>
    </groups>
    <test started-at="2021-05-13T11:31:48Z" name="Test" finished-at="2021-05-13T11:33:40Z" duration-ms="112008">
      <class name="testcases.TS_FindHospitals">
        <test-method is-config="true" signature="invokeBrowser()[pri:0, instance:testcases.TS_FindHospitals@7a0e1b5e]" started-at="2021-05-13T11:31:48Z" name="invokeBrowser" finished-at="2021-05-13T11:31:51Z" duration-ms="2994" status="PASS">
          <reporter-output>
          </reporter-output>
        </test-method> <!-- invokeBrowser -->
        <test-method signature="hospitalSearch()[pri:1, instance:testcases.TS_FindHospitals@7a0e1b5e]" started-at="2021-05-13T11:31:51Z" name="hospitalSearch" finished-at="2021-05-13T11:33:19Z" duration-ms="87191" status="PASS">
          <reporter-output>
          </reporter-output>
        </test-method> <!-- hospitalSearch -->
        <test-method signature="topCities()[pri:2, instance:testcases.TS_FindHospitals@7a0e1b5e]" started-at="2021-05-13T11:33:19Z" name="topCities" finished-at="2021-05-13T11:33:24Z" duration-ms="5413" status="PASS">
          <reporter-output>
          </reporter-output>
        </test-method> <!-- topCities -->
        <test-method signature="getAlert()[pri:3, instance:testcases.TS_FindHospitals@7a0e1b5e]" started-at="2021-05-13T11:33:24Z" name="getAlert" finished-at="2021-05-13T11:33:39Z" duration-ms="14979" status="PASS">
          <reporter-output>
          </reporter-output>
        </test-method> <!-- getAlert -->
        <test-method is-config="true" signature="closeBrowser()[pri:0, instance:testcases.TS_FindHospitals@7a0e1b5e]" started-at="2021-05-13T11:33:39Z" name="closeBrowser" finished-at="2021-05-13T11:33:40Z" duration-ms="1376" status="PASS">
          <reporter-output>
          </reporter-output>
        </test-method> <!-- closeBrowser -->
      </class> <!-- testcases.TS_FindHospitals -->
    </test> <!-- Test -->
  </suite> <!-- Suite -->
</testng-results>
